Build started 31-08-2016 14:03:07.
     1>Project "C:\Users\exam\Javelians(gaurav_karan)\MyBank\MyBank\MyBank.vcxproj" on node 2 (Build target(s)).
     1>ClCompile:
         C:\Program Files\Microsoft Visual Studio 11.0\VC\bin\CL.exe /c /ZI /nologo /W3 /WX- /Od /Oy- /D WIN32 /D _DEBUG /D _CONSOLE /D _UNICODE /D UNICODE /Gm /EHsc /RTC1 /MDd /GS /fp:precise /Zc:wchar_t /Zc:forScope /Fo"Debug\\" /Fd"Debug\vc110.pdb" /Gd /TP /analyze- /errorReport:prompt String.cpp
         String.cpp
     1>c:\users\exam\javelians(gaurav_karan)\mybank\mybank\string.cpp(17): warning C4996: 'strcpy': This function or variable may be unsafe. Consider using strcpy_s instead. To disable deprecation, use _CRT_SECURE_NO_WARNINGS. See online help for details.
                 c:\program files\microsoft visual studio 11.0\vc\include\string.h(110) : see declaration of 'strcpy'
     1>c:\users\exam\javelians(gaurav_karan)\mybank\mybank\string.cpp(24): warning C4996: 'strcpy': This function or variable may be unsafe. Consider using strcpy_s instead. To disable deprecation, use _CRT_SECURE_NO_WARNINGS. See online help for details.
                 c:\program files\microsoft visual studio 11.0\vc\include\string.h(110) : see declaration of 'strcpy'
     1>c:\users\exam\javelians(gaurav_karan)\mybank\mybank\string.cpp(40): warning C4996: 'strcpy': This function or variable may be unsafe. Consider using strcpy_s instead. To disable deprecation, use _CRT_SECURE_NO_WARNINGS. See online help for details.
                 c:\program files\microsoft visual studio 11.0\vc\include\string.h(110) : see declaration of 'strcpy'
       Link:
         C:\Program Files\Microsoft Visual Studio 11.0\VC\bin\link.exe /ERRORREPORT:PROMPT /OUT:"C:\Users\exam\Javelians(gaurav_karan)\MyBank\Debug\MyBank.exe" /INCREMENTAL /NOLOGO kernel32.lib user32.lib gdi32.lib winspool.lib comdlg32.lib advapi32.lib shell32.lib ole32.lib oleaut32.lib uuid.lib odbc32.lib odbccp32.lib /MANIFEST /MANIFESTUAC:"level='asInvoker' uiAccess='false'" /manifest:embed /DEBUG /PDB:"C:\Users\exam\Javelians(gaurav_karan)\MyBank\Debug\MyBank.pdb" /SUBSYSTEM:CONSOLE /TLBID:1 /DYNAMICBASE /NXCOMPAT /IMPLIB:"C:\Users\exam\Javelians(gaurav_karan)\MyBank\Debug\MyBank.lib" /MACHINE:X86 Debug\Account.obj
         Debug\CurrentAccount.obj
         Debug\FixedDeposit.obj
         Debug\PoonaBank.obj
         Debug\SavingsAccount.obj
         Debug\String.obj
         MyBank.vcxproj -> C:\Users\exam\Javelians(gaurav_karan)\MyBank\Debug\MyBank.exe
     1>Done Building Project "C:\Users\exam\Javelians(gaurav_karan)\MyBank\MyBank\MyBank.vcxproj" (Build target(s)).

Build succeeded.

Time Elapsed 00:00:01.31
