C:\USERS\GYT\DESKTOP\CDAC PROJECTS\C PROGRAMMES\MYBANK\MYBANK\DEBUG\ACCOUNT.OBJ
C:\USERS\GYT\DESKTOP\CDAC PROJECTS\C PROGRAMMES\MYBANK\MYBANK\DEBUG\MYBANK.OBJ
C:\USERS\GYT\DESKTOP\CDAC PROJECTS\C PROGRAMMES\MYBANK\MYBANK\DEBUG\SAVINGSACCOUNT.OBJ
C:\USERS\GYT\DESKTOP\CDAC PROJECTS\C PROGRAMMES\MYBANK\MYBANK\DEBUG\VC110.PDB
C:\USERS\GYT\DESKTOP\CDAC PROJECTS\C PROGRAMMES\MYBANK\DEBUG\MYBANK.ILK
C:\USERS\GYT\DESKTOP\CDAC PROJECTS\C PROGRAMMES\MYBANK\DEBUG\MYBANK.EXE
C:\USERS\GYT\DESKTOP\CDAC PROJECTS\C PROGRAMMES\MYBANK\DEBUG\MYBANK.PDB
C:\Users\gyt\Desktop\CDAC Projects\C Programmes\MyBank\MyBank\Debug\Account.obj
C:\Users\gyt\Desktop\CDAC Projects\C Programmes\MyBank\MyBank\Debug\MyBank.obj
C:\Users\gyt\Desktop\CDAC Projects\C Programmes\MyBank\MyBank\Debug\SavingsAccount.obj
C:\Users\gyt\Desktop\CDAC Projects\C Programmes\MyBank\MyBank\Debug\cl.command.1.tlog
C:\Users\gyt\Desktop\CDAC Projects\C Programmes\MyBank\MyBank\Debug\CL.read.1.tlog
C:\Users\gyt\Desktop\CDAC Projects\C Programmes\MyBank\MyBank\Debug\CL.write.1.tlog
C:\Users\gyt\Desktop\CDAC Projects\C Programmes\MyBank\MyBank\Debug\link-cvtres.read.1.tlog
C:\Users\gyt\Desktop\CDAC Projects\C Programmes\MyBank\MyBank\Debug\link-cvtres.write.1.tlog
C:\Users\gyt\Desktop\CDAC Projects\C Programmes\MyBank\MyBank\Debug\link-rc.read.1.tlog
C:\Users\gyt\Desktop\CDAC Projects\C Programmes\MyBank\MyBank\Debug\link-rc.write.1.tlog
C:\Users\gyt\Desktop\CDAC Projects\C Programmes\MyBank\MyBank\Debug\link.command.1.tlog
C:\Users\gyt\Desktop\CDAC Projects\C Programmes\MyBank\MyBank\Debug\link.read.1.tlog
C:\Users\gyt\Desktop\CDAC Projects\C Programmes\MyBank\MyBank\Debug\link.write.1.tlog
C:\Users\gyt\Desktop\CDAC Projects\C Programmes\MyBank\MyBank\Debug\vc110.idb
C:\Users\gyt\Desktop\CDAC Projects\C Programmes\MyBank\MyBank\Debug\vc110.pdb
C:\Users\gyt\Desktop\CDAC Projects\C Programmes\MyBank\Debug\MyBank.pdb
C:\Users\gyt\Desktop\CDAC Projects\C Programmes\MyBank\Debug\MyBank.exe
C:\Users\gyt\Desktop\CDAC Projects\C Programmes\MyBank\Debug\MyBank.ilk
